<?xml version="1.0" encoding="UTF-8"?>
<testsuite name="org.LibraryTest" tests="1" skipped="0" failures="0" errors="0" timestamp="2021-04-01T23:07:47" hostname="famojuro" time="0.001">
  <properties/>
  <testcase name="testSomeLibraryMethod" classname="org.LibraryTest" time="0.001"/>
  <system-out><![CDATA[]]></system-out>
  <system-err><![CDATA[]]></system-err>
</testsuite>
